# JRE version: OpenJDK Runtime Environment (11.0.4+11) (build 11.0.4+11-post-Ubuntu-1ubuntu218.04.3)
# Java VM: OpenJDK 64-Bit Server VM (11.0.4+11-post-Ubuntu-1ubuntu218.04.3, mixed mode, sharing, tiered, compressed oops, g1 gc, linux-amd64)
Heap:
 garbage-first heap   total 603136K, used 282546K [0x0000000709000000, 0x0000000800000000)
  region size 1024K, 168 young (172032K), 26 survivors (26624K)
 Metaspace       used 67726K, capacity 68972K, committed 69760K, reserved 1112064K
  class space    used 7494K, capacity 8061K, committed 8064K, reserved 1048576K
GC Heap History (10 events):
Event: 7,670 GC heap before
{Heap before GC invocations=14 (full 0):
 garbage-first heap   total 408576K, used 81620K [0x0000000709000000, 0x0000000800000000)
  region size 1024K, 19 young (19456K), 12 survivors (12288K)
 Metaspace       used 40137K, capacity 41218K, committed 41472K, reserved 1085440K
  class space    used 4227K, capacity 4752K, committed 4864K, reserved 1048576K
}
Event: 7,699 GC heap after
{Heap after GC invocations=15 (full 0):
 garbage-first heap   total 408576K, used 68094K [0x0000000709000000, 0x0000000800000000)
  region size 1024K, 2 young (2048K), 2 survivors (2048K)
 Metaspace       used 40137K, capacity 41218K, committed 41472K, reserved 1085440K
  class space    used 4227K, capacity 4752K, committed 4864K, reserved 1048576K
}
Event: 9,191 GC heap before
{Heap before GC invocations=15 (full 0):
 garbage-first heap   total 408576K, used 141822K [0x0000000709000000, 0x0000000800000000)
  region size 1024K, 75 young (76800K), 2 survivors (2048K)
 Metaspace       used 50236K, capacity 51339K, committed 51840K, reserved 1095680K
  class space    used 5688K, capacity 6202K, committed 6272K, reserved 1048576K
}
Event: 9,203 GC heap after
{Heap after GC invocations=16 (full 0):
 garbage-first heap   total 603136K, used 71458K [0x0000000709000000, 0x0000000800000000)
  region size 1024K, 6 young (6144K), 6 survivors (6144K)
 Metaspace       used 50236K, capacity 51339K, committed 51840K, reserved 1095680K
  class space    used 5688K, capacity 6202K, committed 6272K, reserved 1048576K
}
Event: 14,418 GC heap before
{Heap before GC invocations=17 (full 0):
 garbage-first heap   total 603136K, used 291618K [0x0000000709000000, 0x0000000800000000)
  region size 1024K, 195 young (199680K), 6 survivors (6144K)
 Metaspace       used 67123K, capacity 68448K, committed 69248K, reserved 1110016K
  class space    used 7488K, capacity 8061K, committed 8064K, reserved 1048576K
}
Event: 14,443 GC heap after
{Heap after GC invocations=18 (full 0):
 garbage-first heap   total 603136K, used 98106K [0x0000000709000000, 0x0000000800000000)
  region size 1024K, 25 young (25600K), 25 survivors (25600K)
 Metaspace       used 67123K, capacity 68448K, committed 69248K, reserved 1110016K
  class space    used 7488K, capacity 8061K, committed 8064K, reserved 1048576K
}
Event: 14,475 GC heap before
{Heap before GC invocations=18 (full 0):
 garbage-first heap   total 603136K, used 107322K [0x0000000709000000, 0x0000000800000000)
  region size 1024K, 29 young (29696K), 25 survivors (25600K)
 Metaspace       used 67128K, capacity 68448K, committed 69248K, reserved 1110016K
  class space    used 7488K, capacity 8061K, committed 8064K, reserved 1048576K
}
Event: 14,493 GC heap after
{Heap after GC invocations=19 (full 0):
 garbage-first heap   total 603136K, used 104574K [0x0000000709000000, 0x0000000800000000)
  region size 1024K, 4 young (4096K), 4 survivors (4096K)
 Metaspace       used 67128K, capacity 68448K, committed 69248K, reserved 1110016K
  class space    used 7488K, capacity 8061K, committed 8064K, reserved 1048576K
}
Event: 17,801 GC heap before
{Heap before GC invocations=19 (full 0):
 garbage-first heap   total 603136K, used 344190K [0x0000000709000000, 0x0000000800000000)
  region size 1024K, 233 young (238592K), 4 survivors (4096K)
 Metaspace       used 67332K, capacity 68642K, committed 69504K, reserved 1110016K
  class space    used 7488K, capacity 8061K, committed 8064K, reserved 1048576K
}
Event: 17,836 GC heap after
{Heap after GC invocations=20 (full 0):
 garbage-first heap   total 603136K, used 121778K [0x0000000709000000, 0x0000000800000000)
  region size 1024K, 26 young (26624K), 26 survivors (26624K)
 Metaspace       used 67332K, capacity 68642K, committed 69504K, reserved 1110016K
  class space    used 7488K, capacity 8061K, committed 8064K, reserved 1048576K
}

