# JRE version: OpenJDK Runtime Environment (11.0.5+10) (build 11.0.5+10)
# Java VM: OpenJDK 64-Bit Server VM (11.0.5+10, mixed mode, tiered, compressed oops, g1 gc, windows-amd64)
Heap:
 garbage-first heap   total 393216K, used 61233K [0x0000000681000000, 0x0000000800000000)
  region size 1024K, 35 young (35840K), 23 survivors (23552K)
 Metaspace       used 31088K, capacity 31471K, committed 31744K, reserved 1079296K
  class space    used 2646K, capacity 2789K, committed 2816K, reserved 1048576K
GC Heap History (16 events):
Event: 0.733 GC heap before
{Heap before GC invocations=0 (full 0):
 garbage-first heap   total 393216K, used 29696K [0x0000000681000000, 0x0000000800000000)
  region size 1024K, 24 young (24576K), 0 survivors (0K)
 Metaspace       used 9042K, capacity 9137K, committed 9216K, reserved 1058816K
  class space    used 728K, capacity 768K, committed 768K, reserved 1048576K
}
Event: 0.738 GC heap after
{Heap after GC invocations=1 (full 0):
 garbage-first heap   total 393216K, used 10452K [0x0000000681000000, 0x0000000800000000)
  region size 1024K, 3 young (3072K), 3 survivors (3072K)
 Metaspace       used 9042K, capacity 9137K, committed 9216K, reserved 1058816K
  class space    used 728K, capacity 768K, committed 768K, reserved 1048576K
}
Event: 3.182 GC heap before
{Heap before GC invocations=1 (full 0):
 garbage-first heap   total 393216K, used 134356K [0x0000000681000000, 0x0000000800000000)
  region size 1024K, 85 young (87040K), 3 survivors (3072K)
 Metaspace       used 20859K, capacity 21228K, committed 21248K, reserved 1069056K
  class space    used 1697K, capacity 1786K, committed 1792K, reserved 1048576K
}
Event: 3.189 GC heap after
{Heap after GC invocations=2 (full 0):
 garbage-first heap   total 393216K, used 33706K [0x0000000681000000, 0x0000000800000000)
  region size 1024K, 5 young (5120K), 5 survivors (5120K)
 Metaspace       used 20859K, capacity 21228K, committed 21248K, reserved 1069056K
  class space    used 1697K, capacity 1786K, committed 1792K, reserved 1048576K
}
Event: 3.502 GC heap before
{Heap before GC invocations=3 (full 0):
 garbage-first heap   total 393216K, used 134058K [0x0000000681000000, 0x0000000800000000)
  region size 1024K, 91 young (93184K), 5 survivors (5120K)
 Metaspace       used 22723K, capacity 23083K, committed 23296K, reserved 1071104K
  class space    used 1883K, capacity 2017K, committed 2048K, reserved 1048576K
}
Event: 3.506 GC heap after
{Heap after GC invocations=4 (full 0):
 garbage-first heap   total 393216K, used 47858K [0x0000000681000000, 0x0000000800000000)
  region size 1024K, 6 young (6144K), 6 survivors (6144K)
 Metaspace       used 22723K, capacity 23083K, committed 23296K, reserved 1071104K
  class space    used 1883K, capacity 2017K, committed 2048K, reserved 1048576K
}
Event: 8.143 GC heap before
{Heap before GC invocations=4 (full 0):
 garbage-first heap   total 393216K, used 353010K [0x0000000681000000, 0x0000000800000000)
  region size 1024K, 179 young (183296K), 6 survivors (6144K)
 Metaspace       used 29735K, capacity 30144K, committed 30208K, reserved 1077248K
  class space    used 2587K, capacity 2752K, committed 2816K, reserved 1048576K
}
Event: 8.152 GC heap after
{Heap after GC invocations=5 (full 0):
 garbage-first heap   total 393216K, used 92098K [0x0000000681000000, 0x0000000800000000)
  region size 1024K, 8 young (8192K), 8 survivors (8192K)
 Metaspace       used 29735K, capacity 30144K, committed 30208K, reserved 1077248K
  class space    used 2587K, capacity 2752K, committed 2816K, reserved 1048576K
}
Event: 9.063 GC heap before
{Heap before GC invocations=6 (full 0):
 garbage-first heap   total 393216K, used 228290K [0x0000000681000000, 0x0000000800000000)
  region size 1024K, 53 young (54272K), 8 survivors (8192K)
 Metaspace       used 29735K, capacity 30144K, committed 30208K, reserved 1077248K
  class space    used 2587K, capacity 2752K, committed 2816K, reserved 1048576K
}
Event: 9.070 GC heap after
{Heap after GC invocations=7 (full 0):
 garbage-first heap   total 393216K, used 71662K [0x0000000681000000, 0x0000000800000000)
  region size 1024K, 8 young (8192K), 8 survivors (8192K)
 Metaspace       used 29735K, capacity 30144K, committed 30208K, reserved 1077248K
  class space    used 2587K, capacity 2752K, committed 2816K, reserved 1048576K
}
Event: 10.334 GC heap before
{Heap before GC invocations=8 (full 0):
 garbage-first heap   total 393216K, used 238574K [0x0000000681000000, 0x0000000800000000)
  region size 1024K, 62 young (63488K), 8 survivors (8192K)
 Metaspace       used 29741K, capacity 30144K, committed 30208K, reserved 1077248K
  class space    used 2587K, capacity 2752K, committed 2816K, reserved 1048576K
}
Event: 10.340 GC heap after
{Heap after GC invocations=9 (full 0):
 garbage-first heap   total 393216K, used 72172K [0x0000000681000000, 0x0000000800000000)
  region size 1024K, 9 young (9216K), 9 survivors (9216K)
 Metaspace       used 29741K, capacity 30144K, committed 30208K, reserved 1077248K
  class space    used 2587K, capacity 2752K, committed 2816K, reserved 1048576K
}
Event: 11.476 GC heap before
{Heap before GC invocations=10 (full 0):
 garbage-first heap   total 393216K, used 240108K [0x0000000681000000, 0x0000000800000000)
  region size 1024K, 64 young (65536K), 9 survivors (9216K)
 Metaspace       used 29742K, capacity 30144K, committed 30208K, reserved 1077248K
  class space    used 2587K, capacity 2752K, committed 2816K, reserved 1048576K
}
Event: 11.483 GC heap after
{Heap after GC invocations=11 (full 0):
 garbage-first heap   total 393216K, used 72247K [0x0000000681000000, 0x0000000800000000)
  region size 1024K, 9 young (9216K), 9 survivors (9216K)
 Metaspace       used 29742K, capacity 30144K, committed 30208K, reserved 1077248K
  class space    used 2587K, capacity 2752K, committed 2816K, reserved 1048576K
}
Event: 13.306 GC heap before
{Heap before GC invocations=12 (full 0):
 garbage-first heap   total 393216K, used 312887K [0x0000000681000000, 0x0000000800000000)
  region size 1024K, 179 young (183296K), 9 survivors (9216K)
 Metaspace       used 29834K, capacity 30272K, committed 30464K, reserved 1077248K
  class space    used 2587K, capacity 2752K, committed 2816K, reserved 1048576K
}
Event: 13.329 GC heap after
{Heap after GC invocations=13 (full 0):
 garbage-first heap   total 393216K, used 48945K [0x0000000681000000, 0x0000000800000000)
  region size 1024K, 23 young (23552K), 23 survivors (23552K)
 Metaspace       used 29834K, capacity 30272K, committed 30464K, reserved 1077248K
  class space    used 2587K, capacity 2752K, committed 2816K, reserved 1048576K
}

