# JRE version: OpenJDK Runtime Environment (11.0.4+11) (build 11.0.4+11)
# Java VM: OpenJDK 64-Bit Server VM (11.0.4+11, mixed mode, tiered, compressed oops, g1 gc, linux-amd64)
Heap:
 garbage-first heap   total 305152K, used 126742K [0x0000000709000000, 0x0000000800000000)
  region size 1024K, 117 young (119808K), 10 survivors (10240K)
 Metaspace       used 51178K, capacity 52487K, committed 52688K, reserved 1095680K
  class space    used 5548K, capacity 6149K, committed 6272K, reserved 1048576K
GC Heap History (10 events):
Event: 2,772 GC heap before
{Heap before GC invocations=5 (full 0):
 garbage-first heap   total 253952K, used 179629K [0x0000000709000000, 0x0000000800000000)
  region size 1024K, 148 young (151552K), 6 survivors (6144K)
 Metaspace       used 21887K, capacity 22266K, committed 22448K, reserved 1069056K
  class space    used 1839K, capacity 1962K, committed 2048K, reserved 1048576K
}
Event: 2,777 GC heap after
{Heap after GC invocations=6 (full 0):
 garbage-first heap   total 253952K, used 34078K [0x0000000709000000, 0x0000000800000000)
  region size 1024K, 6 young (6144K), 6 survivors (6144K)
 Metaspace       used 21887K, capacity 22266K, committed 22448K, reserved 1069056K
  class space    used 1839K, capacity 1962K, committed 2048K, reserved 1048576K
}
Event: 2,881 GC heap before
{Heap before GC invocations=6 (full 0):
 garbage-first heap   total 253952K, used 188702K [0x0000000709000000, 0x0000000800000000)
  region size 1024K, 148 young (151552K), 6 survivors (6144K)
 Metaspace       used 21889K, capacity 22266K, committed 22448K, reserved 1069056K
  class space    used 1839K, capacity 1962K, committed 2048K, reserved 1048576K
}
Event: 2,884 GC heap after
{Heap after GC invocations=7 (full 0):
 garbage-first heap   total 253952K, used 39141K [0x0000000709000000, 0x0000000800000000)
  region size 1024K, 6 young (6144K), 6 survivors (6144K)
 Metaspace       used 21889K, capacity 22266K, committed 22448K, reserved 1069056K
  class space    used 1839K, capacity 1962K, committed 2048K, reserved 1048576K
}
Event: 3,349 GC heap before
{Heap before GC invocations=7 (full 0):
 garbage-first heap   total 253952K, used 188645K [0x0000000709000000, 0x0000000800000000)
  region size 1024K, 148 young (151552K), 6 survivors (6144K)
 Metaspace       used 24533K, capacity 24926K, committed 25264K, reserved 1073152K
  class space    used 2076K, capacity 2229K, committed 2304K, reserved 1048576K
}
Event: 3,354 GC heap after
{Heap after GC invocations=8 (full 0):
 garbage-first heap   total 253952K, used 26089K [0x0000000709000000, 0x0000000800000000)
  region size 1024K, 7 young (7168K), 7 survivors (7168K)
 Metaspace       used 24533K, capacity 24926K, committed 25264K, reserved 1073152K
  class space    used 2076K, capacity 2229K, committed 2304K, reserved 1048576K
}
Event: 5,160 GC heap before
{Heap before GC invocations=8 (full 0):
 garbage-first heap   total 253952K, used 169449K [0x0000000709000000, 0x0000000800000000)
  region size 1024K, 148 young (151552K), 7 survivors (7168K)
 Metaspace       used 33621K, capacity 34455K, committed 34736K, reserved 1081344K
  class space    used 3175K, capacity 3548K, committed 3584K, reserved 1048576K
}
Event: 5,169 GC heap after
{Heap after GC invocations=9 (full 0):
 garbage-first heap   total 305152K, used 14617K [0x0000000709000000, 0x0000000800000000)
  region size 1024K, 10 young (10240K), 10 survivors (10240K)
 Metaspace       used 33621K, capacity 34455K, committed 34736K, reserved 1081344K
  class space    used 3175K, capacity 3548K, committed 3584K, reserved 1048576K
}
Event: 5,323 GC heap before
{Heap before GC invocations=9 (full 0):
 garbage-first heap   total 305152K, used 23833K [0x0000000709000000, 0x0000000800000000)
  region size 1024K, 20 young (20480K), 10 survivors (10240K)
 Metaspace       used 34911K, capacity 35798K, committed 35920K, reserved 1081344K
  class space    used 3348K, capacity 3787K, committed 3840K, reserved 1048576K
}
Event: 5,336 GC heap after
{Heap after GC invocations=10 (full 0):
 garbage-first heap   total 305152K, used 15126K [0x0000000709000000, 0x0000000800000000)
  region size 1024K, 10 young (10240K), 10 survivors (10240K)
 Metaspace       used 34911K, capacity 35798K, committed 35920K, reserved 1081344K
  class space    used 3348K, capacity 3787K, committed 3840K, reserved 1048576K
}

