# JRE version: 7.0_10-b06
# Java VM: Java HotSpot(TM) 64-Bit Server VM (23.4-b01 mixed mode windows-amd64 compressed oops)
Heap
 PSYoungGen      total 37824K, used 15423K [0x00000007d5c00000, 0x00000007d8630000, 0x0000000800000000)
  eden space 32448K, 42% used [0x00000007d5c00000,0x00000007d695fe78,0x00000007d7bb0000)
  from space 5376K, 32% used [0x00000007d80f0000,0x00000007d82a0020,0x00000007d8630000)
  to   space 5376K, 0% used [0x00000007d7bb0000,0x00000007d7bb0000,0x00000007d80f0000)
 ParOldGen       total 86528K, used 16K [0x0000000781400000, 0x0000000786880000, 0x00000007d5c00000)
  object space 86528K, 0% used [0x0000000781400000,0x0000000781404000,0x0000000786880000)
 PSPermGen       total 21248K, used 6444K [0x000000077c200000, 0x000000077d6c0000, 0x0000000781400000)
  object space 21248K, 30% used [0x000000077c200000,0x000000077c84b210,0x000000077d6c0000)
GC Heap History (4 events):
Event: 2.742 GC heap before
{Heap before GC invocations=1 (full 0):
 PSYoungGen      total 37824K, used 32448K [0x00000007d5c00000, 0x00000007d8630000, 0x0000000800000000)
  eden space 32448K, 100% used [0x00000007d5c00000,0x00000007d7bb0000,0x00000007d7bb0000)
  from space 5376K, 0% used [0x00000007d80f0000,0x00000007d80f0000,0x00000007d8630000)
  to   space 5376K, 0% used [0x00000007d7bb0000,0x00000007d7bb0000,0x00000007d80f0000)
 ParOldGen       total 86528K, used 0K [0x0000000781400000, 0x0000000786880000, 0x00000007d5c00000)
  object space 86528K, 0% used [0x0000000781400000,0x0000000781400000,0x0000000786880000)
 PSPermGen       total 21248K, used 6220K [0x000000077c200000, 0x000000077d6c0000, 0x0000000781400000)
  object space 21248K, 29% used [0x000000077c200000,0x000000077c813338,0x000000077d6c0000)
Event: 2.745 GC heap after
Heap after GC invocations=1 (full 0):
 PSYoungGen      total 37824K, used 1795K [0x00000007d5c00000, 0x00000007d8630000, 0x0000000800000000)
  eden space 32448K, 0% used [0x00000007d5c00000,0x00000007d5c00000,0x00000007d7bb0000)
  from space 5376K, 33% used [0x00000007d7bb0000,0x00000007d7d70fb0,0x00000007d80f0000)
  to   space 5376K, 0% used [0x00000007d80f0000,0x00000007d80f0000,0x00000007d8630000)
 ParOldGen       total 86528K, used 8K [0x0000000781400000, 0x0000000786880000, 0x00000007d5c00000)
  object space 86528K, 0% used [0x0000000781400000,0x0000000781402000,0x0000000786880000)
 PSPermGen       total 21248K, used 6220K [0x000000077c200000, 0x000000077d6c0000, 0x0000000781400000)
  object space 21248K, 29% used [0x000000077c200000,0x000000077c813338,0x000000077d6c0000)
}
Event: 19.996 GC heap before
{Heap before GC invocations=2 (full 0):
 PSYoungGen      total 37824K, used 34243K [0x00000007d5c00000, 0x00000007d8630000, 0x0000000800000000)
  eden space 32448K, 100% used [0x00000007d5c00000,0x00000007d7bb0000,0x00000007d7bb0000)
  from space 5376K, 33% used [0x00000007d7bb0000,0x00000007d7d70fb0,0x00000007d80f0000)
  to   space 5376K, 0% used [0x00000007d80f0000,0x00000007d80f0000,0x00000007d8630000)
 ParOldGen       total 86528K, used 8K [0x0000000781400000, 0x0000000786880000, 0x00000007d5c00000)
  object space 86528K, 0% used [0x0000000781400000,0x0000000781402000,0x0000000786880000)
 PSPermGen       total 21248K, used 6371K [0x000000077c200000, 0x000000077d6c0000, 0x0000000781400000)
  object space 21248K, 29% used [0x000000077c200000,0x000000077c838d60,0x000000077d6c0000)
Event: 20.005 GC heap after
Heap after GC invocations=2 (full 0):
 PSYoungGen      total 37824K, used 1728K [0x00000007d5c00000, 0x00000007d8630000, 0x0000000800000000)
  eden space 32448K, 0% used [0x00000007d5c00000,0x00000007d5c00000,0x00000007d7bb0000)
  from space 5376K, 32% used [0x00000007d80f0000,0x00000007d82a0020,0x00000007d8630000)
  to   space 5376K, 0% used [0x00000007d7bb0000,0x00000007d7bb0000,0x00000007d80f0000)
 ParOldGen       total 86528K, used 16K [0x0000000781400000, 0x0000000786880000, 0x00000007d5c00000)
  object space 86528K, 0% used [0x0000000781400000,0x0000000781404000,0x0000000786880000)
 PSPermGen       total 21248K, used 6371K [0x000000077c200000, 0x000000077d6c0000, 0x0000000781400000)
  object space 21248K, 29% used [0x000000077c200000,0x000000077c838d60,0x000000077d6c0000)
}

