# JRE version: OpenJDK Runtime Environment (11.0.4+11) (build 11.0.4+11)
# Java VM: OpenJDK 64-Bit Server VM (11.0.4+11, mixed mode, tiered, compressed oops, g1 gc, linux-amd64)
Heap:
 garbage-first heap   total 253952K, used 115294K [0x0000000709000000, 0x0000000800000000)
  region size 1024K, 106 young (108544K), 10 survivors (10240K)
 Metaspace       used 50977K, capacity 52270K, committed 52560K, reserved 1095680K
  class space    used 5534K, capacity 6144K, committed 6144K, reserved 1048576K
GC Heap History (10 events):
Event: 5,293 GC heap before
{Heap before GC invocations=5 (full 0):
 garbage-first heap   total 253952K, used 147746K [0x0000000709000000, 0x0000000800000000)
  region size 1024K, 124 young (126976K), 6 survivors (6144K)
 Metaspace       used 21891K, capacity 22263K, committed 22704K, reserved 1071104K
  class space    used 1836K, capacity 1961K, committed 2048K, reserved 1048576K
}
Event: 5,299 GC heap after
{Heap after GC invocations=6 (full 0):
 garbage-first heap   total 253952K, used 27256K [0x0000000709000000, 0x0000000800000000)
  region size 1024K, 6 young (6144K), 6 survivors (6144K)
 Metaspace       used 21891K, capacity 22263K, committed 22704K, reserved 1071104K
  class space    used 1836K, capacity 1961K, committed 2048K, reserved 1048576K
}
Event: 5,412 GC heap before
{Heap before GC invocations=6 (full 0):
 garbage-first heap   total 253952K, used 167544K [0x0000000709000000, 0x0000000800000000)
  region size 1024K, 132 young (135168K), 6 survivors (6144K)
 Metaspace       used 21899K, capacity 22263K, committed 22704K, reserved 1071104K
  class space    used 1836K, capacity 1961K, committed 2048K, reserved 1048576K
}
Event: 5,417 GC heap after
{Heap after GC invocations=7 (full 0):
 garbage-first heap   total 253952K, used 38290K [0x0000000709000000, 0x0000000800000000)
  region size 1024K, 6 young (6144K), 6 survivors (6144K)
 Metaspace       used 21899K, capacity 22263K, committed 22704K, reserved 1071104K
  class space    used 1836K, capacity 1961K, committed 2048K, reserved 1048576K
}
Event: 5,816 GC heap before
{Heap before GC invocations=7 (full 0):
 garbage-first heap   total 253952K, used 174482K [0x0000000709000000, 0x0000000800000000)
  region size 1024K, 134 young (137216K), 6 survivors (6144K)
 Metaspace       used 23498K, capacity 23957K, committed 24112K, reserved 1071104K
  class space    used 2001K, capacity 2162K, committed 2176K, reserved 1048576K
}
Event: 5,820 GC heap after
{Heap after GC invocations=8 (full 0):
 garbage-first heap   total 253952K, used 25748K [0x0000000709000000, 0x0000000800000000)
  region size 1024K, 6 young (6144K), 6 survivors (6144K)
 Metaspace       used 23498K, capacity 23957K, committed 24112K, reserved 1071104K
  class space    used 2001K, capacity 2162K, committed 2176K, reserved 1048576K
}
Event: 6,113 GC heap before
{Heap before GC invocations=8 (full 0):
 garbage-first heap   total 253952K, used 171156K [0x0000000709000000, 0x0000000800000000)
  region size 1024K, 148 young (151552K), 6 survivors (6144K)
 Metaspace       used 25452K, capacity 25832K, committed 26160K, reserved 1073152K
  class space    used 2190K, capacity 2341K, committed 2432K, reserved 1048576K
}
Event: 6,117 GC heap after
{Heap after GC invocations=9 (full 0):
 garbage-first heap   total 253952K, used 12003K [0x0000000709000000, 0x0000000800000000)
  region size 1024K, 7 young (7168K), 7 survivors (7168K)
 Metaspace       used 25452K, capacity 25832K, committed 26160K, reserved 1073152K
  class space    used 2190K, capacity 2341K, committed 2432K, reserved 1048576K
}
Event: 7,880 GC heap before
{Heap before GC invocations=9 (full 0):
 garbage-first heap   total 253952K, used 102115K [0x0000000709000000, 0x0000000800000000)
  region size 1024K, 96 young (98304K), 7 survivors (7168K)
 Metaspace       used 34929K, capacity 35881K, committed 36176K, reserved 1081344K
  class space    used 3370K, capacity 3794K, committed 3840K, reserved 1048576K
}
Event: 7,897 GC heap after
{Heap after GC invocations=10 (full 0):
 garbage-first heap   total 253952K, used 14942K [0x0000000709000000, 0x0000000800000000)
  region size 1024K, 10 young (10240K), 10 survivors (10240K)
 Metaspace       used 34929K, capacity 35881K, committed 36176K, reserved 1081344K
  class space    used 3370K, capacity 3794K, committed 3840K, reserved 1048576K
}

