# JRE version: OpenJDK Runtime Environment (11.0.4+11) (build 11.0.4+11)
# Java VM: OpenJDK 64-Bit Server VM (11.0.4+11, mixed mode, tiered, compressed oops, g1 gc, linux-amd64)
Heap:
 garbage-first heap   total 336896K, used 135536K [0x0000000709000000, 0x0000000800000000)
  region size 1024K, 6 young (6144K), 5 survivors (5120K)
 Metaspace       used 96997K, capacity 98766K, committed 99612K, reserved 1136640K
  class space    used 11381K, capacity 12148K, committed 12160K, reserved 1048576K
GC Heap History (10 events):
Event: 10,096 GC heap before
{Heap before GC invocations=11 (full 0):
 garbage-first heap   total 253952K, used 152756K [0x0000000709000000, 0x0000000800000000)
  region size 1024K, 110 young (112640K), 7 survivors (7168K)
 Metaspace       used 96069K, capacity 97743K, committed 98588K, reserved 1136640K
  class space    used 11342K, capacity 12067K, committed 12160K, reserved 1048576K
}
Event: 10,108 GC heap after
{Heap after GC invocations=12 (full 0):
 garbage-first heap   total 305152K, used 54113K [0x0000000709000000, 0x0000000800000000)
  region size 1024K, 13 young (13312K), 13 survivors (13312K)
 Metaspace       used 96069K, capacity 97743K, committed 98588K, reserved 1136640K
  class space    used 11342K, capacity 12067K, committed 12160K, reserved 1048576K
}
Event: 10,595 GC heap before
{Heap before GC invocations=12 (full 0):
 garbage-first heap   total 305152K, used 202593K [0x0000000709000000, 0x0000000800000000)
  region size 1024K, 147 young (150528K), 13 survivors (13312K)
 Metaspace       used 96195K, capacity 97871K, committed 98844K, reserved 1136640K
  class space    used 11342K, capacity 12067K, committed 12160K, reserved 1048576K
}
Event: 10,606 GC heap after
{Heap after GC invocations=13 (full 0):
 garbage-first heap   total 305152K, used 56779K [0x0000000709000000, 0x0000000800000000)
  region size 1024K, 11 young (11264K), 11 survivors (11264K)
 Metaspace       used 96195K, capacity 97871K, committed 98844K, reserved 1136640K
  class space    used 11342K, capacity 12067K, committed 12160K, reserved 1048576K
}
Event: 10,824 GC heap before
{Heap before GC invocations=13 (full 0):
 garbage-first heap   total 305152K, used 202187K [0x0000000709000000, 0x0000000800000000)
  region size 1024K, 153 young (156672K), 11 survivors (11264K)
 Metaspace       used 96195K, capacity 97871K, committed 98844K, reserved 1136640K
  class space    used 11342K, capacity 12067K, committed 12160K, reserved 1048576K
}
Event: 10,833 GC heap after
{Heap after GC invocations=14 (full 0):
 garbage-first heap   total 305152K, used 63567K [0x0000000709000000, 0x0000000800000000)
  region size 1024K, 17 young (17408K), 17 survivors (17408K)
 Metaspace       used 96195K, capacity 97871K, committed 98844K, reserved 1136640K
  class space    used 11342K, capacity 12067K, committed 12160K, reserved 1048576K
}
Event: 11,157 GC heap before
{Heap before GC invocations=14 (full 0):
 garbage-first heap   total 305152K, used 285775K [0x0000000709000000, 0x0000000800000000)
  region size 1024K, 165 young (168960K), 17 survivors (17408K)
 Metaspace       used 96482K, capacity 98195K, committed 99100K, reserved 1136640K
  class space    used 11359K, capacity 12111K, committed 12160K, reserved 1048576K
}
Event: 11,202 GC heap after
{Heap after GC invocations=15 (full 0):
 garbage-first heap   total 336896K, used 125628K [0x0000000709000000, 0x0000000800000000)
  region size 1024K, 21 young (21504K), 21 survivors (21504K)
 Metaspace       used 96482K, capacity 98195K, committed 99100K, reserved 1136640K
  class space    used 11359K, capacity 12111K, committed 12160K, reserved 1048576K
}
Event: 11,628 GC heap before
{Heap before GC invocations=15 (full 0):
 garbage-first heap   total 336896K, used 186044K [0x0000000709000000, 0x0000000800000000)
  region size 1024K, 72 young (73728K), 21 survivors (21504K)
 Metaspace       used 96997K, capacity 98766K, committed 99612K, reserved 1136640K
  class space    used 11381K, capacity 12148K, committed 12160K, reserved 1048576K
}
Event: 11,666 GC heap after
{Heap after GC invocations=16 (full 0):
 garbage-first heap   total 336896K, used 135536K [0x0000000709000000, 0x0000000800000000)
  region size 1024K, 5 young (5120K), 5 survivors (5120K)
 Metaspace       used 96997K, capacity 98766K, committed 99612K, reserved 1136640K
  class space    used 11381K, capacity 12148K, committed 12160K, reserved 1048576K
}

