# JRE version: OpenJDK Runtime Environment (11.0.4+11) (build 11.0.4+11)
# Java VM: OpenJDK 64-Bit Server VM (11.0.4+11, mixed mode, tiered, compressed oops, g1 gc, linux-amd64)
Heap:
 garbage-first heap   total 253952K, used 117500K [0x0000000709000000, 0x0000000800000000)
  region size 1024K, 108 young (110592K), 10 survivors (10240K)
 Metaspace       used 50488K, capacity 51824K, committed 52048K, reserved 1095680K
  class space    used 5457K, capacity 6076K, committed 6144K, reserved 1048576K
GC Heap History (10 events):
Event: 3,764 GC heap before
{Heap before GC invocations=3 (full 0):
 garbage-first heap   total 253952K, used 174028K [0x0000000709000000, 0x0000000800000000)
  region size 1024K, 148 young (151552K), 5 survivors (5120K)
 Metaspace       used 21844K, capacity 22216K, committed 22448K, reserved 1069056K
  class space    used 1836K, capacity 1961K, committed 2048K, reserved 1048576K
}
Event: 3,769 GC heap after
{Heap after GC invocations=4 (full 0):
 garbage-first heap   total 253952K, used 27886K [0x0000000709000000, 0x0000000800000000)
  region size 1024K, 5 young (5120K), 5 survivors (5120K)
 Metaspace       used 21844K, capacity 22216K, committed 22448K, reserved 1069056K
  class space    used 1836K, capacity 1961K, committed 2048K, reserved 1048576K
}
Event: 3,874 GC heap before
{Heap before GC invocations=4 (full 0):
 garbage-first heap   total 253952K, used 184558K [0x0000000709000000, 0x0000000800000000)
  region size 1024K, 148 young (151552K), 5 survivors (5120K)
 Metaspace       used 21848K, capacity 22216K, committed 22448K, reserved 1069056K
  class space    used 1836K, capacity 1961K, committed 2048K, reserved 1048576K
}
Event: 3,877 GC heap after
{Heap after GC invocations=5 (full 0):
 garbage-first heap   total 253952K, used 34023K [0x0000000709000000, 0x0000000800000000)
  region size 1024K, 5 young (5120K), 5 survivors (5120K)
 Metaspace       used 21848K, capacity 22216K, committed 22448K, reserved 1069056K
  class space    used 1836K, capacity 1961K, committed 2048K, reserved 1048576K
}
Event: 4,179 GC heap before
{Heap before GC invocations=5 (full 0):
 garbage-first heap   total 253952K, used 185575K [0x0000000709000000, 0x0000000800000000)
  region size 1024K, 148 young (151552K), 5 survivors (5120K)
 Metaspace       used 23439K, capacity 23845K, committed 24112K, reserved 1071104K
  class space    used 2001K, capacity 2162K, committed 2176K, reserved 1048576K
}
Event: 4,184 GC heap after
{Heap after GC invocations=6 (full 0):
 garbage-first heap   total 253952K, used 25677K [0x0000000709000000, 0x0000000800000000)
  region size 1024K, 6 young (6144K), 6 survivors (6144K)
 Metaspace       used 23439K, capacity 23845K, committed 24112K, reserved 1071104K
  class space    used 2001K, capacity 2162K, committed 2176K, reserved 1048576K
}
Event: 4,361 GC heap before
{Heap before GC invocations=6 (full 0):
 garbage-first heap   total 253952K, used 171085K [0x0000000709000000, 0x0000000800000000)
  region size 1024K, 148 young (151552K), 6 survivors (6144K)
 Metaspace       used 25245K, capacity 25716K, committed 26160K, reserved 1073152K
  class space    used 2178K, capacity 2341K, committed 2432K, reserved 1048576K
}
Event: 4,366 GC heap after
{Heap after GC invocations=7 (full 0):
 garbage-first heap   total 253952K, used 11743K [0x0000000709000000, 0x0000000800000000)
  region size 1024K, 7 young (7168K), 7 survivors (7168K)
 Metaspace       used 25245K, capacity 25716K, committed 26160K, reserved 1073152K
  class space    used 2178K, capacity 2341K, committed 2432K, reserved 1048576K
}
Event: 6,202 GC heap before
{Heap before GC invocations=7 (full 0):
 garbage-first heap   total 253952K, used 113119K [0x0000000709000000, 0x0000000800000000)
  region size 1024K, 107 young (109568K), 7 survivors (7168K)
 Metaspace       used 34913K, capacity 35828K, committed 35920K, reserved 1081344K
  class space    used 3352K, capacity 3792K, committed 3840K, reserved 1048576K
}
Event: 6,217 GC heap after
{Heap after GC invocations=8 (full 0):
 garbage-first heap   total 253952K, used 15100K [0x0000000709000000, 0x0000000800000000)
  region size 1024K, 10 young (10240K), 10 survivors (10240K)
 Metaspace       used 34913K, capacity 35828K, committed 35920K, reserved 1081344K
  class space    used 3352K, capacity 3792K, committed 3840K, reserved 1048576K
}

