# JRE version: Java(TM) SE Runtime Environment (8.0-b132) (build 1.8.0-b132)
# Java VM: Java HotSpot(TM) 64-Bit Server VM (25.0-b70 mixed mode windows-amd64 compressed oops)
Heap:
 PSYoungGen      total 180224K, used 158538K [0x00000000d5c00000, 0x00000000e0d80000, 0x0000000100000000)
  eden space 179712K, 88% used [0x00000000d5c00000,0x00000000df6d2878,0x00000000e0b80000)
  from space 512K, 0% used [0x00000000e0d00000,0x00000000e0d00000,0x00000000e0d80000)
  to   space 1024K, 0% used [0x00000000e0b80000,0x00000000e0b80000,0x00000000e0c80000)
 ParOldGen       total 156160K, used 139051K [0x0000000081400000, 0x000000008ac80000, 0x00000000d5c00000)
  object space 156160K, 89% used [0x0000000081400000,0x0000000089bcac88,0x000000008ac80000)
 Metaspace       used 48400K, capacity 49676K, committed 49892K, reserved 1091584K
  class space    used 6424K, capacity 6773K, committed 6884K, reserved 1048576K
GC Heap History (10 events):
Event: 143.791 GC heap before
{Heap before GC invocations=529 (full 243):
 PSYoungGen      total 180224K, used 994K [0x00000000d5c00000, 0x00000000e0e80000, 0x0000000100000000)
  eden space 179200K, 0% used [0x00000000d5c00000,0x00000000d5c00000,0x00000000e0b00000)
  from space 1024K, 97% used [0x00000000e0c80000,0x00000000e0d78ab0,0x00000000e0d80000)
  to   space 1536K, 0% used [0x00000000e0b00000,0x00000000e0b00000,0x00000000e0c80000)
 ParOldGen       total 156160K, used 139451K [0x0000000081400000, 0x000000008ac80000, 0x00000000d5c00000)
  object space 156160K, 89% used [0x0000000081400000,0x0000000089c2ee40,0x000000008ac80000)
 Metaspace       used 48392K, capacity 49676K, committed 49892K, reserved 1091584K
  class space    used 6424K, capacity 6773K, committed 6884K, reserved 1048576K
Event: 143.920 GC heap after
Heap after GC invocations=529 (full 243):
 PSYoungGen      total 180224K, used 0K [0x00000000d5c00000, 0x00000000e0e80000, 0x0000000100000000)
  eden space 179200K, 0% used [0x00000000d5c00000,0x00000000d5c00000,0x00000000e0b00000)
  from space 1024K, 0% used [0x00000000e0c80000,0x00000000e0c80000,0x00000000e0d80000)
  to   space 1536K, 0% used [0x00000000e0b00000,0x00000000e0b00000,0x00000000e0c80000)
 ParOldGen       total 156160K, used 140194K [0x0000000081400000, 0x000000008ac80000, 0x00000000d5c00000)
  object space 156160K, 89% used [0x0000000081400000,0x0000000089ce8840,0x000000008ac80000)
 Metaspace       used 48392K, capacity 49676K, committed 49892K, reserved 1091584K
  class space    used 6424K, capacity 6773K, committed 6884K, reserved 1048576K
}
Event: 143.920 GC heap before
{Heap before GC invocations=530 (full 243):
 PSYoungGen      total 180224K, used 3171K [0x00000000d5c00000, 0x00000000e0e80000, 0x0000000100000000)
  eden space 179200K, 1% used [0x00000000d5c00000,0x00000000d5f18ed8,0x00000000e0b00000)
  from space 1024K, 0% used [0x00000000e0c80000,0x00000000e0c80000,0x00000000e0d80000)
  to   space 1536K, 0% used [0x00000000e0b00000,0x00000000e0b00000,0x00000000e0c80000)
 ParOldGen       total 156160K, used 140194K [0x0000000081400000, 0x000000008ac80000, 0x00000000d5c00000)
  object space 156160K, 89% used [0x0000000081400000,0x0000000089ce8840,0x000000008ac80000)
 Metaspace       used 48392K, capacity 49676K, committed 49892K, reserved 1091584K
  class space    used 6424K, capacity 6773K, committed 6884K, reserved 1048576K
Event: 143.922 GC heap after
Heap after GC invocations=530 (full 243):
 PSYoungGen      total 180736K, used 128K [0x00000000d5c00000, 0x00000000e0e80000, 0x0000000100000000)
  eden space 179200K, 0% used [0x00000000d5c00000,0x00000000d5c00000,0x00000000e0b00000)
  from space 1536K, 8% used [0x00000000e0b00000,0x00000000e0b20000,0x00000000e0c80000)
  to   space 1536K, 0% used [0x00000000e0d00000,0x00000000e0d00000,0x00000000e0e80000)
 ParOldGen       total 156160K, used 140194K [0x0000000081400000, 0x000000008ac80000, 0x00000000d5c00000)
  object space 156160K, 89% used [0x0000000081400000,0x0000000089ce8840,0x000000008ac80000)
 Metaspace       used 48392K, capacity 49676K, committed 49892K, reserved 1091584K
  class space    used 6424K, capacity 6773K, committed 6884K, reserved 1048576K
}
Event: 143.922 GC heap before
{Heap before GC invocations=531 (full 244):
 PSYoungGen      total 180736K, used 128K [0x00000000d5c00000, 0x00000000e0e80000, 0x0000000100000000)
  eden space 179200K, 0% used [0x00000000d5c00000,0x00000000d5c00000,0x00000000e0b00000)
  from space 1536K, 8% used [0x00000000e0b00000,0x00000000e0b20000,0x00000000e0c80000)
  to   space 1536K, 0% used [0x00000000e0d00000,0x00000000e0d00000,0x00000000e0e80000)
 ParOldGen       total 156160K, used 140194K [0x0000000081400000, 0x000000008ac80000, 0x00000000d5c00000)
  object space 156160K, 89% used [0x0000000081400000,0x0000000089ce8840,0x000000008ac80000)
 Metaspace       used 48392K, capacity 49676K, committed 49892K, reserved 1091584K
  class space    used 6424K, capacity 6773K, committed 6884K, reserved 1048576K
Event: 144.045 GC heap after
Heap after GC invocations=531 (full 244):
 PSYoungGen      total 180736K, used 0K [0x00000000d5c00000, 0x00000000e0e80000, 0x0000000100000000)
  eden space 179200K, 0% used [0x00000000d5c00000,0x00000000d5c00000,0x00000000e0b00000)
  from space 1536K, 0% used [0x00000000e0b00000,0x00000000e0b00000,0x00000000e0c80000)
  to   space 1536K, 0% used [0x00000000e0d00000,0x00000000e0d00000,0x00000000e0e80000)
 ParOldGen       total 156160K, used 139081K [0x0000000081400000, 0x000000008ac80000, 0x00000000d5c00000)
  object space 156160K, 89% used [0x0000000081400000,0x0000000089bd2468,0x000000008ac80000)
 Metaspace       used 48392K, capacity 49676K, committed 49892K, reserved 1091584K
  class space    used 6424K, capacity 6773K, committed 6884K, reserved 1048576K
}
Event: 144.046 GC heap before
{Heap before GC invocations=532 (full 244):
 PSYoungGen      total 180736K, used 3331K [0x00000000d5c00000, 0x00000000e0e80000, 0x0000000100000000)
  eden space 179200K, 1% used [0x00000000d5c00000,0x00000000d5f40d20,0x00000000e0b00000)
  from space 1536K, 0% used [0x00000000e0b00000,0x00000000e0b00000,0x00000000e0c80000)
  to   space 1536K, 0% used [0x00000000e0d00000,0x00000000e0d00000,0x00000000e0e80000)
 ParOldGen       total 156160K, used 139081K [0x0000000081400000, 0x000000008ac80000, 0x00000000d5c00000)
  object space 156160K, 89% used [0x0000000081400000,0x0000000089bd2468,0x000000008ac80000)
 Metaspace       used 48392K, capacity 49676K, committed 49892K, reserved 1091584K
  class space    used 6424K, capacity 6773K, committed 6884K, reserved 1048576K
Event: 144.048 GC heap after
Heap after GC invocations=532 (full 244):
 PSYoungGen      total 180224K, used 128K [0x00000000d5c00000, 0x00000000e0d80000, 0x0000000100000000)
  eden space 179712K, 0% used [0x00000000d5c00000,0x00000000d5c00000,0x00000000e0b80000)
  from space 512K, 25% used [0x00000000e0d00000,0x00000000e0d20000,0x00000000e0d80000)
  to   space 1024K, 0% used [0x00000000e0b80000,0x00000000e0b80000,0x00000000e0c80000)
 ParOldGen       total 156160K, used 139081K [0x0000000081400000, 0x000000008ac80000, 0x00000000d5c00000)
  object space 156160K, 89% used [0x0000000081400000,0x0000000089bd2468,0x000000008ac80000)
 Metaspace       used 48392K, capacity 49676K, committed 49892K, reserved 1091584K
  class space    used 6424K, capacity 6773K, committed 6884K, reserved 1048576K
}
Event: 144.048 GC heap before
{Heap before GC invocations=533 (full 245):
 PSYoungGen      total 180224K, used 128K [0x00000000d5c00000, 0x00000000e0d80000, 0x0000000100000000)
  eden space 179712K, 0% used [0x00000000d5c00000,0x00000000d5c00000,0x00000000e0b80000)
  from space 512K, 25% used [0x00000000e0d00000,0x00000000e0d20000,0x00000000e0d80000)
  to   space 1024K, 0% used [0x00000000e0b80000,0x00000000e0b80000,0x00000000e0c80000)
 ParOldGen       total 156160K, used 139081K [0x0000000081400000, 0x000000008ac80000, 0x00000000d5c00000)
  object space 156160K, 89% used [0x0000000081400000,0x0000000089bd2468,0x000000008ac80000)
 Metaspace       used 48392K, capacity 49676K, committed 49892K, reserved 1091584K
  class space    used 6424K, capacity 6773K, committed 6884K, reserved 1048576K
Event: 144.157 GC heap after
Heap after GC invocations=533 (full 245):
 PSYoungGen      total 180224K, used 0K [0x00000000d5c00000, 0x00000000e0d80000, 0x0000000100000000)
  eden space 179712K, 0% used [0x00000000d5c00000,0x00000000d5c00000,0x00000000e0b80000)
  from space 512K, 0% used [0x00000000e0d00000,0x00000000e0d00000,0x00000000e0d80000)
  to   space 1024K, 0% used [0x00000000e0b80000,0x00000000e0b80000,0x00000000e0c80000)
 ParOldGen       total 156160K, used 139051K [0x0000000081400000, 0x000000008ac80000, 0x00000000d5c00000)
  object space 156160K, 89% used [0x0000000081400000,0x0000000089bcac88,0x000000008ac80000)
 Metaspace       used 48392K, capacity 49676K, committed 49892K, reserved 1091584K
  class space    used 6424K, capacity 6773K, committed 6884K, reserved 1048576K
}

