# JRE version: Java(TM) SE Runtime Environment (8.0-b132) (build 1.8.0-b132)
# Java VM: Java HotSpot(TM) 64-Bit Server VM (25.0-b70 mixed mode windows-amd64 compressed oops)
Heap:
 PSYoungGen      total 114176K, used 2784K [0x000000076ab00000, 0x0000000775800000, 0x00000007c0000000)
  eden space 81920K, 0% used [0x000000076ab00000,0x000000076ab00000,0x000000076fb00000)
  from space 32256K, 8% used [0x000000076fb00000,0x000000076fdb8040,0x0000000771a80000)
  to   space 31232K, 0% used [0x0000000773980000,0x0000000773980000,0x0000000775800000)
 ParOldGen       total 129536K, used 119025K [0x00000006c0000000, 0x00000006c7e80000, 0x000000076ab00000)
  object space 129536K, 91% used [0x00000006c0000000,0x00000006c743c6e8,0x00000006c7e80000)
 Metaspace       used 15606K, capacity 15731K, committed 15872K, reserved 1062912K
  class space    used 1765K, capacity 1790K, committed 1792K, reserved 1048576K
GC Heap History (10 events):
Event: 3.205 GC heap after
Heap after GC invocations=17 (full 0):
 PSYoungGen      total 54784K, used 3063K [0x000000076ab00000, 0x000000076f900000, 0x00000007c0000000)
  eden space 51712K, 0% used [0x000000076ab00000,0x000000076ab00000,0x000000076dd80000)
  from space 3072K, 99% used [0x000000076dd80000,0x000000076e07dec8,0x000000076e080000)
  to   space 3584K, 0% used [0x000000076f580000,0x000000076f580000,0x000000076f900000)
 ParOldGen       total 129536K, used 38986K [0x00000006c0000000, 0x00000006c7e80000, 0x000000076ab00000)
  object space 129536K, 30% used [0x00000006c0000000,0x00000006c26129d8,0x00000006c7e80000)
 Metaspace       used 15392K, capacity 15539K, committed 15616K, reserved 1062912K
  class space    used 1742K, capacity 1790K, committed 1792K, reserved 1048576K
}
Event: 3.433 GC heap before
{Heap before GC invocations=18 (full 0):
 PSYoungGen      total 54784K, used 54775K [0x000000076ab00000, 0x000000076f900000, 0x00000007c0000000)
  eden space 51712K, 100% used [0x000000076ab00000,0x000000076dd80000,0x000000076dd80000)
  from space 3072K, 99% used [0x000000076dd80000,0x000000076e07dec8,0x000000076e080000)
  to   space 3584K, 0% used [0x000000076f580000,0x000000076f580000,0x000000076f900000)
 ParOldGen       total 129536K, used 38986K [0x00000006c0000000, 0x00000006c7e80000, 0x000000076ab00000)
  object space 129536K, 30% used [0x00000006c0000000,0x00000006c26129d8,0x00000006c7e80000)
 Metaspace       used 15394K, capacity 15539K, committed 15616K, reserved 1062912K
  class space    used 1742K, capacity 1790K, committed 1792K, reserved 1048576K
Event: 3.437 GC heap after
Heap after GC invocations=18 (full 0):
 PSYoungGen      total 72704K, used 3552K [0x000000076ab00000, 0x0000000770000000, 0x00000007c0000000)
  eden space 69120K, 0% used [0x000000076ab00000,0x000000076ab00000,0x000000076ee80000)
  from space 3584K, 99% used [0x000000076f580000,0x000000076f8f8040,0x000000076f900000)
  to   space 7168K, 0% used [0x000000076ee80000,0x000000076ee80000,0x000000076f580000)
 ParOldGen       total 129536K, used 47818K [0x00000006c0000000, 0x00000006c7e80000, 0x000000076ab00000)
  object space 129536K, 36% used [0x00000006c0000000,0x00000006c2eb2a68,0x00000006c7e80000)
 Metaspace       used 15394K, capacity 15539K, committed 15616K, reserved 1062912K
  class space    used 1742K, capacity 1790K, committed 1792K, reserved 1048576K
}
Event: 3.711 GC heap before
{Heap before GC invocations=19 (full 0):
 PSYoungGen      total 72704K, used 72672K [0x000000076ab00000, 0x0000000770000000, 0x00000007c0000000)
  eden space 69120K, 100% used [0x000000076ab00000,0x000000076ee80000,0x000000076ee80000)
  from space 3584K, 99% used [0x000000076f580000,0x000000076f8f8040,0x000000076f900000)
  to   space 7168K, 0% used [0x000000076ee80000,0x000000076ee80000,0x000000076f580000)
 ParOldGen       total 129536K, used 47818K [0x00000006c0000000, 0x00000006c7e80000, 0x000000076ab00000)
  object space 129536K, 36% used [0x00000006c0000000,0x00000006c2eb2a68,0x00000006c7e80000)
 Metaspace       used 15562K, capacity 15731K, committed 15872K, reserved 1062912K
  class space    used 1760K, capacity 1790K, committed 1792K, reserved 1048576K
Event: 3.732 GC heap after
Heap after GC invocations=19 (full 0):
 PSYoungGen      total 76288K, used 7162K [0x000000076ab00000, 0x0000000772b80000, 0x00000007c0000000)
  eden space 69120K, 0% used [0x000000076ab00000,0x000000076ab00000,0x000000076ee80000)
  from space 7168K, 99% used [0x000000076ee80000,0x000000076f57e830,0x000000076f580000)
  to   space 17408K, 0% used [0x0000000771a80000,0x0000000771a80000,0x0000000772b80000)
 ParOldGen       total 129536K, used 71919K [0x00000006c0000000, 0x00000006c7e80000, 0x000000076ab00000)
  object space 129536K, 55% used [0x00000006c0000000,0x00000006c463beb8,0x00000006c7e80000)
 Metaspace       used 15562K, capacity 15731K, committed 15872K, reserved 1062912K
  class space    used 1760K, capacity 1790K, committed 1792K, reserved 1048576K
}
Event: 3.891 GC heap before
{Heap before GC invocations=20 (full 0):
 PSYoungGen      total 76288K, used 76282K [0x000000076ab00000, 0x0000000772b80000, 0x00000007c0000000)
  eden space 69120K, 100% used [0x000000076ab00000,0x000000076ee80000,0x000000076ee80000)
  from space 7168K, 99% used [0x000000076ee80000,0x000000076f57e830,0x000000076f580000)
  to   space 17408K, 0% used [0x0000000771a80000,0x0000000771a80000,0x0000000772b80000)
 ParOldGen       total 129536K, used 71919K [0x00000006c0000000, 0x00000006c7e80000, 0x000000076ab00000)
  object space 129536K, 55% used [0x00000006c0000000,0x00000006c463beb8,0x00000006c7e80000)
 Metaspace       used 15597K, capacity 15731K, committed 15872K, reserved 1062912K
  class space    used 1763K, capacity 1790K, committed 1792K, reserved 1048576K
Event: 3.924 GC heap after
Heap after GC invocations=20 (full 0):
 PSYoungGen      total 99328K, used 17376K [0x000000076ab00000, 0x0000000774880000, 0x00000007c0000000)
  eden space 81920K, 0% used [0x000000076ab00000,0x000000076ab00000,0x000000076fb00000)
  from space 17408K, 99% used [0x0000000771a80000,0x0000000772b78020,0x0000000772b80000)
  to   space 32256K, 0% used [0x000000076fb00000,0x000000076fb00000,0x0000000771a80000)
 ParOldGen       total 129536K, used 103089K [0x00000006c0000000, 0x00000006c7e80000, 0x000000076ab00000)
  object space 129536K, 79% used [0x00000006c0000000,0x00000006c64ac6e8,0x00000006c7e80000)
 Metaspace       used 15597K, capacity 15731K, committed 15872K, reserved 1062912K
  class space    used 1763K, capacity 1790K, committed 1792K, reserved 1048576K
}
Event: 4.323 GC heap before
{Heap before GC invocations=21 (full 0):
 PSYoungGen      total 99328K, used 99296K [0x000000076ab00000, 0x0000000774880000, 0x00000007c0000000)
  eden space 81920K, 100% used [0x000000076ab00000,0x000000076fb00000,0x000000076fb00000)
  from space 17408K, 99% used [0x0000000771a80000,0x0000000772b78020,0x0000000772b80000)
  to   space 32256K, 0% used [0x000000076fb00000,0x000000076fb00000,0x0000000771a80000)
 ParOldGen       total 129536K, used 103089K [0x00000006c0000000, 0x00000006c7e80000, 0x000000076ab00000)
  object space 129536K, 79% used [0x00000006c0000000,0x00000006c64ac6e8,0x00000006c7e80000)
 Metaspace       used 15606K, capacity 15731K, committed 15872K, reserved 1062912K
  class space    used 1765K, capacity 1790K, committed 1792K, reserved 1048576K
Event: 4.338 GC heap after
Heap after GC invocations=21 (full 0):
 PSYoungGen      total 114176K, used 2784K [0x000000076ab00000, 0x0000000775800000, 0x00000007c0000000)
  eden space 81920K, 0% used [0x000000076ab00000,0x000000076ab00000,0x000000076fb00000)
  from space 32256K, 8% used [0x000000076fb00000,0x000000076fdb8040,0x0000000771a80000)
  to   space 31232K, 0% used [0x0000000773980000,0x0000000773980000,0x0000000775800000)
 ParOldGen       total 129536K, used 119025K [0x00000006c0000000, 0x00000006c7e80000, 0x000000076ab00000)
  object space 129536K, 91% used [0x00000006c0000000,0x00000006c743c6e8,0x00000006c7e80000)
 Metaspace       used 15606K, capacity 15731K, committed 15872K, reserved 1062912K
  class space    used 1765K, capacity 1790K, committed 1792K, reserved 1048576K
}
Event: 4.338 GC heap before
{Heap before GC invocations=22 (full 1):
 PSYoungGen      total 114176K, used 2784K [0x000000076ab00000, 0x0000000775800000, 0x00000007c0000000)
  eden space 81920K, 0% used [0x000000076ab00000,0x000000076ab00000,0x000000076fb00000)
  from space 32256K, 8% used [0x000000076fb00000,0x000000076fdb8040,0x0000000771a80000)
  to   space 31232K, 0% used [0x0000000773980000,0x0000000773980000,0x0000000775800000)
 ParOldGen       total 129536K, used 119025K [0x00000006c0000000, 0x00000006c7e80000, 0x000000076ab00000)
  object space 129536K, 91% used [0x00000006c0000000,0x00000006c743c6e8,0x00000006c7e80000)
 Metaspace       used 15606K, capacity 15731K, committed 15872K, reserved 1062912K
  class space    used 1765K, capacity 1790K, committed 1792K, reserved 1048576K

