# JRE version: OpenJDK Runtime Environment (11.0.4+11) (build 11.0.4+11)
# Java VM: OpenJDK 64-Bit Server VM (11.0.4+11, mixed mode, tiered, compressed oops, g1 gc, linux-amd64)
Heap:
 garbage-first heap   total 305152K, used 118446K [0x0000000709000000, 0x0000000800000000)
  region size 1024K, 106 young (108544K), 7 survivors (7168K)
 Metaspace       used 50914K, capacity 52211K, committed 52304K, reserved 1095680K
  class space    used 5523K, capacity 6144K, committed 6144K, reserved 1048576K
GC Heap History (10 events):
Event: 4,847 GC heap before
{Heap before GC invocations=9 (full 0):
 garbage-first heap   total 253952K, used 155878K [0x0000000709000000, 0x0000000800000000)
  region size 1024K, 128 young (131072K), 3 survivors (3072K)
 Metaspace       used 21918K, capacity 22274K, committed 22704K, reserved 1071104K
  class space    used 1838K, capacity 1962K, committed 2048K, reserved 1048576K
}
Event: 4,852 GC heap after
{Heap after GC invocations=10 (full 0):
 garbage-first heap   total 253952K, used 27879K [0x0000000709000000, 0x0000000800000000)
  region size 1024K, 3 young (3072K), 3 survivors (3072K)
 Metaspace       used 21918K, capacity 22274K, committed 22704K, reserved 1071104K
  class space    used 1838K, capacity 1962K, committed 2048K, reserved 1048576K
}
Event: 4,961 GC heap before
{Heap before GC invocations=10 (full 0):
 garbage-first heap   total 253952K, used 176359K [0x0000000709000000, 0x0000000800000000)
  region size 1024K, 139 young (142336K), 3 survivors (3072K)
 Metaspace       used 21923K, capacity 22274K, committed 22704K, reserved 1071104K
  class space    used 1838K, capacity 1962K, committed 2048K, reserved 1048576K
}
Event: 4,977 GC heap after
{Heap after GC invocations=11 (full 0):
 garbage-first heap   total 253952K, used 32997K [0x0000000709000000, 0x0000000800000000)
  region size 1024K, 3 young (3072K), 3 survivors (3072K)
 Metaspace       used 21923K, capacity 22274K, committed 22704K, reserved 1071104K
  class space    used 1838K, capacity 1962K, committed 2048K, reserved 1048576K
}
Event: 5,306 GC heap before
{Heap before GC invocations=11 (full 0):
 garbage-first heap   total 253952K, used 184549K [0x0000000709000000, 0x0000000800000000)
  region size 1024K, 145 young (148480K), 3 survivors (3072K)
 Metaspace       used 22110K, capacity 22498K, committed 22960K, reserved 1071104K
  class space    used 1856K, capacity 1994K, committed 2048K, reserved 1048576K
}
Event: 5,313 GC heap after
{Heap after GC invocations=12 (full 0):
 garbage-first heap   total 253952K, used 31046K [0x0000000709000000, 0x0000000800000000)
  region size 1024K, 3 young (3072K), 3 survivors (3072K)
 Metaspace       used 22110K, capacity 22498K, committed 22960K, reserved 1071104K
  class space    used 1856K, capacity 1994K, committed 2048K, reserved 1048576K
}
Event: 5,720 GC heap before
{Heap before GC invocations=12 (full 0):
 garbage-first heap   total 253952K, used 179526K [0x0000000709000000, 0x0000000800000000)
  region size 1024K, 148 young (151552K), 3 survivors (3072K)
 Metaspace       used 25241K, capacity 25679K, committed 26160K, reserved 1073152K
  class space    used 2171K, capacity 2310K, committed 2432K, reserved 1048576K
}
Event: 5,724 GC heap after
{Heap after GC invocations=13 (full 0):
 garbage-first heap   total 305152K, used 11597K [0x0000000709000000, 0x0000000800000000)
  region size 1024K, 4 young (4096K), 4 survivors (4096K)
 Metaspace       used 25241K, capacity 25679K, committed 26160K, reserved 1073152K
  class space    used 2171K, capacity 2310K, committed 2432K, reserved 1048576K
}
Event: 7,778 GC heap before
{Heap before GC invocations=13 (full 0):
 garbage-first heap   total 305152K, used 107853K [0x0000000709000000, 0x0000000800000000)
  region size 1024K, 99 young (101376K), 4 survivors (4096K)
 Metaspace       used 34879K, capacity 35814K, committed 35920K, reserved 1081344K
  class space    used 3350K, capacity 3790K, committed 3840K, reserved 1048576K
}
Event: 7,795 GC heap after
{Heap after GC invocations=14 (full 0):
 garbage-first heap   total 305152K, used 15022K [0x0000000709000000, 0x0000000800000000)
  region size 1024K, 7 young (7168K), 7 survivors (7168K)
 Metaspace       used 34879K, capacity 35814K, committed 35920K, reserved 1081344K
  class space    used 3350K, capacity 3790K, committed 3840K, reserved 1048576K
}

