# JRE version: Java(TM) SE Runtime Environment (8.0-b132) (build 1.8.0-b132)
# Java VM: Java HotSpot(TM) 64-Bit Server VM (25.0-b70 mixed mode windows-amd64 compressed oops)
Heap:
 PSYoungGen      total 1397248K, used 889636K [0x000000076ab00000, 0x00000007c0000000, 0x00000007c0000000)
  eden space 1396736K, 63% used [0x000000076ab00000,0x00000007a0f692d8,0x00000007bff00000)
  from space 512K, 75% used [0x00000007bff80000,0x00000007bffe0000,0x00000007c0000000)
  to   space 512K, 0% used [0x00000007bff00000,0x00000007bff00000,0x00000007bff80000)
 ParOldGen       total 561664K, used 457872K [0x00000006c0000000, 0x00000006e2480000, 0x000000076ab00000)
  object space 561664K, 81% used [0x00000006c0000000,0x00000006dbf24060,0x00000006e2480000)
 Metaspace       used 23069K, capacity 23307K, committed 23552K, reserved 1071104K
  class space    used 2746K, capacity 2803K, committed 2816K, reserved 1048576K
GC Heap History (10 events):
Event: 370.337 GC heap before
{Heap before GC invocations=216 (full 12):
 PSYoungGen      total 1397248K, used 1397056K [0x000000076ab00000, 0x00000007c0000000, 0x00000007c0000000)
  eden space 1396736K, 100% used [0x000000076ab00000,0x00000007bff00000,0x00000007bff00000)
  from space 512K, 62% used [0x00000007bff00000,0x00000007bff50000,0x00000007bff80000)
  to   space 512K, 0% used [0x00000007bff80000,0x00000007bff80000,0x00000007c0000000)
 ParOldGen       total 561664K, used 457872K [0x00000006c0000000, 0x00000006e2480000, 0x000000076ab00000)
  object space 561664K, 81% used [0x00000006c0000000,0x00000006dbf24060,0x00000006e2480000)
 Metaspace       used 22139K, capacity 22347K, committed 22400K, reserved 1069056K
  class space    used 2620K, capacity 2675K, committed 2688K, reserved 1048576K
Event: 370.341 GC heap after
Heap after GC invocations=216 (full 12):
 PSYoungGen      total 1397248K, used 256K [0x000000076ab00000, 0x00000007c0000000, 0x00000007c0000000)
  eden space 1396736K, 0% used [0x000000076ab00000,0x000000076ab00000,0x00000007bff00000)
  from space 512K, 50% used [0x00000007bff80000,0x00000007bffc0000,0x00000007c0000000)
  to   space 512K, 0% used [0x00000007bff00000,0x00000007bff00000,0x00000007bff80000)
 ParOldGen       total 561664K, used 457872K [0x00000006c0000000, 0x00000006e2480000, 0x000000076ab00000)
  object space 561664K, 81% used [0x00000006c0000000,0x00000006dbf24060,0x00000006e2480000)
 Metaspace       used 22139K, capacity 22347K, committed 22400K, reserved 1069056K
  class space    used 2620K, capacity 2675K, committed 2688K, reserved 1048576K
}
Event: 371.613 GC heap before
{Heap before GC invocations=217 (full 12):
 PSYoungGen      total 1397248K, used 1396992K [0x000000076ab00000, 0x00000007c0000000, 0x00000007c0000000)
  eden space 1396736K, 100% used [0x000000076ab00000,0x00000007bff00000,0x00000007bff00000)
  from space 512K, 50% used [0x00000007bff80000,0x00000007bffc0000,0x00000007c0000000)
  to   space 512K, 0% used [0x00000007bff00000,0x00000007bff00000,0x00000007bff80000)
 ParOldGen       total 561664K, used 457872K [0x00000006c0000000, 0x00000006e2480000, 0x000000076ab00000)
  object space 561664K, 81% used [0x00000006c0000000,0x00000006dbf24060,0x00000006e2480000)
 Metaspace       used 22139K, capacity 22347K, committed 22400K, reserved 1069056K
  class space    used 2620K, capacity 2675K, committed 2688K, reserved 1048576K
Event: 371.625 GC heap after
Heap after GC invocations=217 (full 12):
 PSYoungGen      total 1397248K, used 256K [0x000000076ab00000, 0x00000007c0000000, 0x00000007c0000000)
  eden space 1396736K, 0% used [0x000000076ab00000,0x000000076ab00000,0x00000007bff00000)
  from space 512K, 50% used [0x00000007bff00000,0x00000007bff40000,0x00000007bff80000)
  to   space 512K, 0% used [0x00000007bff80000,0x00000007bff80000,0x00000007c0000000)
 ParOldGen       total 561664K, used 457872K [0x00000006c0000000, 0x00000006e2480000, 0x000000076ab00000)
  object space 561664K, 81% used [0x00000006c0000000,0x00000006dbf24060,0x00000006e2480000)
 Metaspace       used 22139K, capacity 22347K, committed 22400K, reserved 1069056K
  class space    used 2620K, capacity 2675K, committed 2688K, reserved 1048576K
}
Event: 372.989 GC heap before
{Heap before GC invocations=218 (full 12):
 PSYoungGen      total 1397248K, used 1396992K [0x000000076ab00000, 0x00000007c0000000, 0x00000007c0000000)
  eden space 1396736K, 100% used [0x000000076ab00000,0x00000007bff00000,0x00000007bff00000)
  from space 512K, 50% used [0x00000007bff00000,0x00000007bff40000,0x00000007bff80000)
  to   space 512K, 0% used [0x00000007bff80000,0x00000007bff80000,0x00000007c0000000)
 ParOldGen       total 561664K, used 457872K [0x00000006c0000000, 0x00000006e2480000, 0x000000076ab00000)
  object space 561664K, 81% used [0x00000006c0000000,0x00000006dbf24060,0x00000006e2480000)
 Metaspace       used 22139K, capacity 22347K, committed 22400K, reserved 1069056K
  class space    used 2620K, capacity 2675K, committed 2688K, reserved 1048576K
Event: 373.004 GC heap after
Heap after GC invocations=218 (full 12):
 PSYoungGen      total 1397248K, used 320K [0x000000076ab00000, 0x00000007c0000000, 0x00000007c0000000)
  eden space 1396736K, 0% used [0x000000076ab00000,0x000000076ab00000,0x00000007bff00000)
  from space 512K, 62% used [0x00000007bff80000,0x00000007bffd0000,0x00000007c0000000)
  to   space 512K, 0% used [0x00000007bff00000,0x00000007bff00000,0x00000007bff80000)
 ParOldGen       total 561664K, used 457872K [0x00000006c0000000, 0x00000006e2480000, 0x000000076ab00000)
  object space 561664K, 81% used [0x00000006c0000000,0x00000006dbf24060,0x00000006e2480000)
 Metaspace       used 22139K, capacity 22347K, committed 22400K, reserved 1069056K
  class space    used 2620K, capacity 2675K, committed 2688K, reserved 1048576K
}
Event: 374.710 GC heap before
{Heap before GC invocations=219 (full 12):
 PSYoungGen      total 1397248K, used 1397056K [0x000000076ab00000, 0x00000007c0000000, 0x00000007c0000000)
  eden space 1396736K, 100% used [0x000000076ab00000,0x00000007bff00000,0x00000007bff00000)
  from space 512K, 62% used [0x00000007bff80000,0x00000007bffd0000,0x00000007c0000000)
  to   space 512K, 0% used [0x00000007bff00000,0x00000007bff00000,0x00000007bff80000)
 ParOldGen       total 561664K, used 457872K [0x00000006c0000000, 0x00000006e2480000, 0x000000076ab00000)
  object space 561664K, 81% used [0x00000006c0000000,0x00000006dbf24060,0x00000006e2480000)
 Metaspace       used 22139K, capacity 22347K, committed 22400K, reserved 1069056K
  class space    used 2620K, capacity 2675K, committed 2688K, reserved 1048576K
Event: 374.714 GC heap after
Heap after GC invocations=219 (full 12):
 PSYoungGen      total 1397248K, used 320K [0x000000076ab00000, 0x00000007c0000000, 0x00000007c0000000)
  eden space 1396736K, 0% used [0x000000076ab00000,0x000000076ab00000,0x00000007bff00000)
  from space 512K, 62% used [0x00000007bff00000,0x00000007bff50000,0x00000007bff80000)
  to   space 512K, 0% used [0x00000007bff80000,0x00000007bff80000,0x00000007c0000000)
 ParOldGen       total 561664K, used 457872K [0x00000006c0000000, 0x00000006e2480000, 0x000000076ab00000)
  object space 561664K, 81% used [0x00000006c0000000,0x00000006dbf24060,0x00000006e2480000)
 Metaspace       used 22139K, capacity 22347K, committed 22400K, reserved 1069056K
  class space    used 2620K, capacity 2675K, committed 2688K, reserved 1048576K
}
Event: 376.294 GC heap before
{Heap before GC invocations=220 (full 12):
 PSYoungGen      total 1397248K, used 1397056K [0x000000076ab00000, 0x00000007c0000000, 0x00000007c0000000)
  eden space 1396736K, 100% used [0x000000076ab00000,0x00000007bff00000,0x00000007bff00000)
  from space 512K, 62% used [0x00000007bff00000,0x00000007bff50000,0x00000007bff80000)
  to   space 512K, 0% used [0x00000007bff80000,0x00000007bff80000,0x00000007c0000000)
 ParOldGen       total 561664K, used 457872K [0x00000006c0000000, 0x00000006e2480000, 0x000000076ab00000)
  object space 561664K, 81% used [0x00000006c0000000,0x00000006dbf24060,0x00000006e2480000)
 Metaspace       used 22139K, capacity 22347K, committed 22400K, reserved 1069056K
  class space    used 2620K, capacity 2675K, committed 2688K, reserved 1048576K
Event: 376.298 GC heap after
Heap after GC invocations=220 (full 12):
 PSYoungGen      total 1397248K, used 384K [0x000000076ab00000, 0x00000007c0000000, 0x00000007c0000000)
  eden space 1396736K, 0% used [0x000000076ab00000,0x000000076ab00000,0x00000007bff00000)
  from space 512K, 75% used [0x00000007bff80000,0x00000007bffe0000,0x00000007c0000000)
  to   space 512K, 0% used [0x00000007bff00000,0x00000007bff00000,0x00000007bff80000)
 ParOldGen       total 561664K, used 457872K [0x00000006c0000000, 0x00000006e2480000, 0x000000076ab00000)
  object space 561664K, 81% used [0x00000006c0000000,0x00000006dbf24060,0x00000006e2480000)
 Metaspace       used 22139K, capacity 22347K, committed 22400K, reserved 1069056K
  class space    used 2620K, capacity 2675K, committed 2688K, reserved 1048576K
}

