# JRE version: OpenJDK Runtime Environment (11.0.4+11) (build 11.0.4+11)
# Java VM: OpenJDK 64-Bit Server VM (11.0.4+11, mixed mode, tiered, compressed oops, g1 gc, linux-amd64)
Heap:
 garbage-first heap   total 413696K, used 231465K [0x0000000709000000, 0x0000000800000000)
  region size 1024K, 86 young (88064K), 4 survivors (4096K)
 Metaspace       used 100589K, capacity 102387K, committed 102576K, reserved 1138688K
  class space    used 11788K, capacity 12561K, committed 12672K, reserved 1048576K
GC Heap History (10 events):
Event: 14,046 GC heap before
{Heap before GC invocations=25 (full 0):
 garbage-first heap   total 413696K, used 176767K [0x0000000709000000, 0x0000000800000000)
  region size 1024K, 36 young (36864K), 2 survivors (2048K)
 Metaspace       used 97146K, capacity 98885K, committed 98992K, reserved 1136640K
  class space    used 11395K, capacity 12123K, committed 12160K, reserved 1048576K
}
Event: 14,049 GC heap after
{Heap after GC invocations=26 (full 0):
 garbage-first heap   total 413696K, used 141884K [0x0000000709000000, 0x0000000800000000)
  region size 1024K, 1 young (1024K), 1 survivors (1024K)
 Metaspace       used 97146K, capacity 98885K, committed 98992K, reserved 1136640K
  class space    used 11395K, capacity 12123K, committed 12160K, reserved 1048576K
}
Event: 16,387 GC heap before
{Heap before GC invocations=26 (full 0):
 garbage-first heap   total 413696K, used 193084K [0x0000000709000000, 0x0000000800000000)
  region size 1024K, 46 young (47104K), 1 survivors (1024K)
 Metaspace       used 97366K, capacity 99095K, committed 99248K, reserved 1136640K
  class space    used 11401K, capacity 12129K, committed 12160K, reserved 1048576K
}
Event: 16,389 GC heap after
{Heap after GC invocations=27 (full 0):
 garbage-first heap   total 413696K, used 142017K [0x0000000709000000, 0x0000000800000000)
  region size 1024K, 2 young (2048K), 2 survivors (2048K)
 Metaspace       used 97366K, capacity 99095K, committed 99248K, reserved 1136640K
  class space    used 11401K, capacity 12129K, committed 12160K, reserved 1048576K
}
Event: 21,788 GC heap before
{Heap before GC invocations=27 (full 0):
 garbage-first heap   total 413696K, used 202433K [0x0000000709000000, 0x0000000800000000)
  region size 1024K, 61 young (62464K), 2 survivors (2048K)
 Metaspace       used 97860K, capacity 99640K, committed 99888K, reserved 1136640K
  class space    used 11432K, capacity 12161K, committed 12288K, reserved 1048576K
}
Event: 21,795 GC heap after
{Heap after GC invocations=28 (full 0):
 garbage-first heap   total 413696K, used 142217K [0x0000000709000000, 0x0000000800000000)
  region size 1024K, 2 young (2048K), 2 survivors (2048K)
 Metaspace       used 97860K, capacity 99640K, committed 99888K, reserved 1136640K
  class space    used 11432K, capacity 12161K, committed 12288K, reserved 1048576K
}
Event: 23,418 GC heap before
{Heap before GC invocations=28 (full 0):
 garbage-first heap   total 413696K, used 165769K [0x0000000709000000, 0x0000000800000000)
  region size 1024K, 27 young (27648K), 2 survivors (2048K)
 Metaspace       used 98531K, capacity 100294K, committed 100528K, reserved 1138688K
  class space    used 11545K, capacity 12294K, committed 12416K, reserved 1048576K
}
Event: 23,425 GC heap after
{Heap after GC invocations=29 (full 0):
 garbage-first heap   total 413696K, used 142453K [0x0000000709000000, 0x0000000800000000)
  region size 1024K, 2 young (2048K), 2 survivors (2048K)
 Metaspace       used 98531K, capacity 100294K, committed 100528K, reserved 1138688K
  class space    used 11545K, capacity 12294K, committed 12416K, reserved 1048576K
}
Event: 30,870 GC heap before
{Heap before GC invocations=30 (full 0):
 garbage-first heap   total 413696K, used 228469K [0x0000000709000000, 0x0000000800000000)
  region size 1024K, 98 young (100352K), 2 survivors (2048K)
 Metaspace       used 99986K, capacity 101781K, committed 101936K, reserved 1138688K
  class space    used 11738K, capacity 12489K, committed 12544K, reserved 1048576K
}
Event: 30,878 GC heap after
{Heap after GC invocations=31 (full 0):
 garbage-first heap   total 413696K, used 133161K [0x0000000709000000, 0x0000000800000000)
  region size 1024K, 4 young (4096K), 4 survivors (4096K)
 Metaspace       used 99986K, capacity 101781K, committed 101936K, reserved 1138688K
  class space    used 11738K, capacity 12489K, committed 12544K, reserved 1048576K
}

